[0922/143904.562:ERROR:process_reader_win.cc(151)] SuspendThread: Accès refusé. (0x5)
[0922/143904.513:ERROR:process_reader_win.cc(151)] SuspendThread: Accès refusé. (0x5)
[0922/143904.949:ERROR:process_reader_win.cc(151)] SuspendThread: Accès refusé. (0x5)
[0922/143904.949:ERROR:process_reader_win.cc(151)] SuspendThread: Accès refusé. (0x5)
[0922/143904.949:ERROR:process_reader_win.cc(151)] SuspendThread: Accès refusé. (0x5)
[0922/143904.949:ERROR:process_reader_win.cc(151)] SuspendThread: Accès refusé. (0x5)
[0922/143904.949:ERROR:process_reader_win.cc(151)] SuspendThread: Accès refusé. (0x5)
[0922/143904.949:ERROR:process_reader_win.cc(151)] SuspendThread: Accès refusé. (0x5)
[0922/143904.949:ERROR:process_reader_win.cc(151)] SuspendThread: Accès refusé. (0x5)
[0922/143904.949:ERROR:process_reader_win.cc(151)] SuspendThread: Accès refusé. (0x5)
[0922/143904.949:ERROR:process_reader_win.cc(151)] SuspendThread: Accès refusé. (0x5)
[0922/143904.949:ERROR:process_reader_win.cc(151)] SuspendThread: Accès refusé. (0x5)
[0922/143904.949:ERROR:process_reader_win.cc(151)] SuspendThread: Accès refusé. (0x5)
[0922/143904.949:ERROR:process_reader_win.cc(151)] SuspendThread: Accès refusé. (0x5)
[0922/143904.949:ERROR:process_reader_win.cc(151)] SuspendThread: Accès refusé. (0x5)
[0922/143904.949:ERROR:process_reader_win.cc(151)] SuspendThread: Accès refusé. (0x5)
[0922/143904.949:ERROR:process_reader_win.cc(151)] SuspendThread: Accès refusé. (0x5)
[0922/143904.949:ERROR:process_reader_win.cc(151)] SuspendThread: Accès refusé. (0x5)
[0922/143904.950:ERROR:process_reader_win.cc(151)] SuspendThread: Accès refusé. (0x5)
[0922/143904.950:ERROR:process_reader_win.cc(123)] NtOpenThread: {Accès refusé} Un processus a demandé l’accès a un objet, mais il ne bénéficie pas des autorisations nécessaires. (0xc0000022)
[0922/143904.950:ERROR:process_reader_win.cc(123)] NtOpenThread: {Accès refusé} Un processus a demandé l’accès a un objet, mais il ne bénéficie pas des autorisations nécessaires. (0xc0000022)
[0922/143905.667:ERROR:exception_snapshot_win.cc(99)] thread ID 2368 not found in process
[0922/143905.667:ERROR:exception_snapshot_win.cc(99)] thread ID 13104 not found in process
[0922/143906.155:ERROR:process_reader_win.cc(151)] SuspendThread: Accès refusé. (0x5)
[0922/143906.155:ERROR:process_reader_win.cc(151)] SuspendThread: Accès refusé. (0x5)
[0922/143906.155:ERROR:process_reader_win.cc(151)] SuspendThread: Accès refusé. (0x5)
[0922/143906.155:ERROR:process_reader_win.cc(151)] SuspendThread: Accès refusé. (0x5)
[0922/143906.155:ERROR:process_reader_win.cc(151)] SuspendThread: Accès refusé. (0x5)
[0922/143906.155:ERROR:process_reader_win.cc(151)] SuspendThread: Accès refusé. (0x5)
[0922/143906.155:ERROR:process_reader_win.cc(151)] SuspendThread: Accès refusé. (0x5)
[0922/143906.156:ERROR:process_reader_win.cc(151)] SuspendThread: Accès refusé. (0x5)
[0922/143906.156:ERROR:process_reader_win.cc(151)] SuspendThread: Accès refusé. (0x5)
[0922/143906.156:ERROR:process_reader_win.cc(151)] SuspendThread: Accès refusé. (0x5)
[0922/143906.156:ERROR:process_reader_win.cc(151)] SuspendThread: Accès refusé. (0x5)
[0922/143906.156:ERROR:process_reader_win.cc(123)] NtOpenThread: {Accès refusé} Un processus a demandé l’accès a un objet, mais il ne bénéficie pas des autorisations nécessaires. (0xc0000022)
[0922/143906.156:ERROR:exception_snapshot_win.cc(99)] thread ID 12752 not found in process
[1008/214703.138:ERROR:directory_reader_win.cc(43)] FindFirstFile: Le chemin d’accès spécifié est introuvable. (0x3)
[1009/113908.894:ERROR:directory_reader_win.cc(43)] FindFirstFile: Le chemin d’accès spécifié est introuvable. (0x3)
[1009/142624.365:ERROR:directory_reader_win.cc(43)] FindFirstFile: Le chemin d’accès spécifié est introuvable. (0x3)
[1010/115640.823:ERROR:directory_reader_win.cc(43)] FindFirstFile: Le chemin d’accès spécifié est introuvable. (0x3)
[1011/113814.708:ERROR:directory_reader_win.cc(43)] FindFirstFile: Le chemin d’accès spécifié est introuvable. (0x3)
[1011/190014.414:ERROR:directory_reader_win.cc(43)] FindFirstFile: Le chemin d’accès spécifié est introuvable. (0x3)
[1016/173758.767:ERROR:directory_reader_win.cc(43)] FindFirstFile: Le chemin d’accès spécifié est introuvable. (0x3)
[1017/173759.081:ERROR:directory_reader_win.cc(43)] FindFirstFile: Le chemin d’accès spécifié est introuvable. (0x3)
[1018/183836.974:ERROR:directory_reader_win.cc(43)] FindFirstFile: Le chemin d’accès spécifié est introuvable. (0x3)
[1019/185955.626:ERROR:directory_reader_win.cc(43)] FindFirstFile: Le chemin d’accès spécifié est introuvable. (0x3)
[1020/185957.968:ERROR:directory_reader_win.cc(43)] FindFirstFile: Le chemin d’accès spécifié est introuvable. (0x3)
[1021/185958.403:ERROR:directory_reader_win.cc(43)] FindFirstFile: Le chemin d’accès spécifié est introuvable. (0x3)
[1022/184746.606:ERROR:file_io.cc(135)] WriteFile: Le canal de communication est sur le point d’être fermé. (0xE8)
[1022/190000.655:ERROR:directory_reader_win.cc(43)] FindFirstFile: Le chemin d’accès spécifié est introuvable. (0x3)
[1023/190002.296:ERROR:directory_reader_win.cc(43)] FindFirstFile: Le chemin d’accès spécifié est introuvable. (0x3)
[1026/103627.120:ERROR:directory_reader_win.cc(43)] FindFirstFile: Le chemin d’accès spécifié est introuvable. (0x3)
